生成启动时间为 2018/4/26 15:40:38。
     1>项目“c:\Users\zsw\documents\visual studio 2013\Projects\day07通用链表测试\day07通用链表测试\day07通用链表测试.vcxproj”在节点 2 上(Build 个目标)。
     1>Link:
         E:\Program Files (x86)\Microsoft Visual Studio 12.0\VC\bin\link.exe /ERRORREPORT:PROMPT /OUT:"c:\users\zsw\documents\visual studio 2013\Projects\day07通用链表测试\Debug\day07通用链表测试.exe" /INCREMENTAL /NOLOGO kernel32.lib user32.lib gdi32.lib winspool.lib comdlg32.lib advapi32.lib shell32.lib ole32.lib oleaut32.lib uuid.lib odbc32.lib odbccp32.lib /MANIFEST /MANIFESTUAC:"level='asInvoker' uiAccess='false'" /manifest:embed /DEBUG /PDB:"c:\users\zsw\documents\visual studio 2013\Projects\day07通用链表测试\Debug\day07通用链表测试.pdb" /TLBID:1 /DYNAMICBASE /NXCOMPAT /IMPLIB:"c:\users\zsw\documents\visual studio 2013\Projects\day07通用链表测试\Debug\day07通用链表测试.lib" /MACHINE:X86 "Debug\dm01_通用链表测试.obj"
     1>dm01_通用链表测试.obj : error LNK2019: 无法解析的外部符号 _LinkList_Create，该符号在函数 _main 中被引用
     1>dm01_通用链表测试.obj : error LNK2019: 无法解析的外部符号 _LinkList_Destroy，该符号在函数 _main 中被引用
     1>dm01_通用链表测试.obj : error LNK2019: 无法解析的外部符号 _LinkList_Length，该符号在函数 _main 中被引用
     1>dm01_通用链表测试.obj : error LNK2019: 无法解析的外部符号 _LinkList_Insert，该符号在函数 _main 中被引用
     1>dm01_通用链表测试.obj : error LNK2019: 无法解析的外部符号 _LinkList_Get，该符号在函数 _main 中被引用
     1>c:\users\zsw\documents\visual studio 2013\Projects\day07通用链表测试\Debug\day07通用链表测试.exe : fatal error LNK1120: 5 个无法解析的外部命令
     1>已完成生成项目“c:\Users\zsw\documents\visual studio 2013\Projects\day07通用链表测试\day07通用链表测试\day07通用链表测试.vcxproj”(Build 个目标)的操作 - 失败。

生成失败。

已用时间 00:00:00.34
